------------------------------------------------------
09/04/_20:52:51
536

Credentials ready

Connection to database successful


Gmail watch stopped..

Started the watch successfully
Watch response: {'historyId': '4790064', 'expiration': '1618586577012'}

Listening for messages on projects/expensetracking-309512/subscriptions/firstSub..


There are updates in the inbox..
Fetching last 50 emails
SMS data already up to date in the database

Waiting for updates in inbox..

There are updates in the inbox..
Fetching last 10 emails
1 database rows updated successfully

Waiting for updates in inbox..

There are updates in the inbox..
Fetching last 10 emails
1 database rows updated successfully

Waiting for updates in inbox..

There are updates in the inbox..
Fetching last 10 emails
SMS data already up to date in the database

Waiting for updates in inbox..

There are updates in the inbox..
Fetching last 10 emails
SMS data already up to date in the database

Waiting for updates in inbox..

There are updates in the inbox..
Fetching last 10 emails
SMS data already up to date in the database

Waiting for updates in inbox..

There are updates in the inbox..
Fetching last 10 emails
SMS data already up to date in the database

Waiting for updates in inbox..

There are updates in the inbox..
Fetching last 10 emails
2 database rows updated successfully

Waiting for updates in inbox..

There are updates in the inbox..
Fetching last 10 emails
SMS data already up to date in the database

Waiting for updates in inbox..
------------------------------------------------------
10/04/_12:20:49
599
------------------------------------------------------
10/04/_12:26:52
2258
------------------------------------------------------
10/04/_12:29:45
2883
------------------------------------------------------
10/04/_12:31:05
3456

Credentials ready

Connection to database successful


Gmail watch stopped..

Started the watch successfully
Watch response: {'historyId': '4792382', 'expiration': '1618642869879'}

Listening for messages on projects/expensetracking-309512/subscriptions/firstSub..


There are updates in the inbox..
Fetching last 50 emails
2 database rows updated successfully

Waiting for updates in inbox..
------------------------------------------------------
10/04/_12:32:45
4552

Credentials ready

Connection to database successful


Gmail watch stopped..

Started the watch successfully
Watch response: {'historyId': '4792424', 'expiration': '1618642968869'}

Listening for messages on projects/expensetracking-309512/subscriptions/firstSub..


There are updates in the inbox..
Fetching last 50 emails
SMS data already up to date in the database

Waiting for updates in inbox..

There are updates in the inbox..
Fetching last 10 emails
SMS data already up to date in the database

Waiting for updates in inbox..

There are updates in the inbox..
Fetching last 10 emails
SMS data already up to date in the database

Waiting for updates in inbox..

There are updates in the inbox..
Fetching last 10 emails
SMS data already up to date in the database

Waiting for updates in inbox..

There are updates in the inbox..
Fetching last 10 emails
SMS data already up to date in the database

Waiting for updates in inbox..

There are updates in the inbox..
Fetching last 10 emails
SMS data already up to date in the database

Waiting for updates in inbox..

There are updates in the inbox..
Fetching last 10 emails
SMS data already up to date in the database

Waiting for updates in inbox..

There are updates in the inbox..
Fetching last 10 emails
SMS data already up to date in the database

Waiting for updates in inbox..

There are updates in the inbox..
Fetching last 10 emails
SMS data already up to date in the database

Waiting for updates in inbox..

There are updates in the inbox..
Fetching last 10 emails
SMS data already up to date in the database

Waiting for updates in inbox..

There are updates in the inbox..
Fetching last 10 emails
SMS data already up to date in the database

Waiting for updates in inbox..

There are updates in the inbox..
Fetching last 10 emails
SMS data already up to date in the database

Waiting for updates in inbox..

There are updates in the inbox..
Fetching last 10 emails
SMS data already up to date in the database

Waiting for updates in inbox..

There are updates in the inbox..
Fetching last 10 emails
SMS data already up to date in the database

Waiting for updates in inbox..
------------------------------------------------------
10/04/_17:23:04
536

Credentials ready

Connection to database successful


Gmail watch stopped..

Started the watch successfully
Watch response: {'historyId': '4793385', 'expiration': '1618660390218'}

Listening for messages on projects/expensetracking-309512/subscriptions/firstSub..


There are updates in the inbox..
Fetching last 50 emails
SMS data already up to date in the database

Waiting for updates in inbox..

There are updates in the inbox..
Fetching last 10 emails
SMS data already up to date in the database

Waiting for updates in inbox..

There are updates in the inbox..
Fetching last 10 emails
SMS data already up to date in the database

Waiting for updates in inbox..

There are updates in the inbox..
Fetching last 10 emails
SMS data already up to date in the database

Waiting for updates in inbox..

There are updates in the inbox..
Fetching last 10 emails
SMS data already up to date in the database

Waiting for updates in inbox..
------------------------------------------------------
10/04/_19:08:06
4666

Credentials ready

Connection to database successful


Gmail watch stopped..

Started the watch successfully
Watch response: {'historyId': '4793812', 'expiration': '1618666691970'}

Listening for messages on projects/expensetracking-309512/subscriptions/firstSub..


There are updates in the inbox..
Fetching last 50 emails
SMS data already up to date in the database

Waiting for updates in inbox..

There are updates in the inbox..
Fetching last 10 emails
SMS data already up to date in the database

Waiting for updates in inbox..
------------------------------------------------------
10/04/_19:19:25
611

Credentials ready

Connection to database successful


Gmail watch stopped..

Started the watch successfully
Watch response: {'historyId': '4793971', 'expiration': '1618667374617'}

Listening for messages on projects/expensetracking-309512/subscriptions/firstSub..


There are updates in the inbox..
Fetching last 50 emails
SMS data already up to date in the database

Waiting for updates in inbox..

There are updates in the inbox..
Fetching last 10 emails
SMS data already up to date in the database

Waiting for updates in inbox..

There are updates in the inbox..
Fetching last 10 emails
SMS data already up to date in the database

Waiting for updates in inbox..

There are updates in the inbox..
Fetching last 10 emails
SMS data already up to date in the database

Waiting for updates in inbox..

There are updates in the inbox..
Fetching last 10 emails
SMS data already up to date in the database

Waiting for updates in inbox..

There are updates in the inbox..
Fetching last 10 emails
SMS data already up to date in the database

Waiting for updates in inbox..

There are updates in the inbox..
Fetching last 10 emails
SMS data already up to date in the database

Waiting for updates in inbox..

There are updates in the inbox..
Fetching last 10 emails
SMS data already up to date in the database

Waiting for updates in inbox..

There are updates in the inbox..
Fetching last 10 emails
SMS data already up to date in the database

Waiting for updates in inbox..
------------------------------------------------------
11/04/_11:17:52
569

Credentials ready

Connection to database successful


Gmail watch stopped..

Started the watch successfully
Watch response: {'historyId': '4796112', 'expiration': '1618724877453'}

Listening for messages on projects/expensetracking-309512/subscriptions/firstSub..


There are updates in the inbox..
Fetching last 50 emails
SMS data already up to date in the database

Waiting for updates in inbox..

There are updates in the inbox..
Fetching last 10 emails
SMS data already up to date in the database

Waiting for updates in inbox..

There are updates in the inbox..
Fetching last 10 emails
SMS data already up to date in the database

Waiting for updates in inbox..

There are updates in the inbox..
Fetching last 10 emails
SMS data already up to date in the database

Waiting for updates in inbox..

There are updates in the inbox..
Fetching last 10 emails
SMS data already up to date in the database

Waiting for updates in inbox..

There are updates in the inbox..
Fetching last 10 emails
SMS data already up to date in the database

Waiting for updates in inbox..

There are updates in the inbox..
Fetching last 10 emails
1 database rows updated successfully

Waiting for updates in inbox..

There are updates in the inbox..
Fetching last 10 emails
SMS data already up to date in the database

Waiting for updates in inbox..

There are updates in the inbox..
Fetching last 10 emails
SMS data already up to date in the database

Waiting for updates in inbox..

There are updates in the inbox..
Fetching last 10 emails
SMS data already up to date in the database

Waiting for updates in inbox..

There are updates in the inbox..
Fetching last 10 emails
1 database rows updated successfully

Waiting for updates in inbox..

There are updates in the inbox..
Fetching last 10 emails
SMS data already up to date in the database

Waiting for updates in inbox..

There are updates in the inbox..
Fetching last 10 emails
SMS data already up to date in the database

Waiting for updates in inbox..

There are updates in the inbox..
Fetching last 10 emails
SMS data already up to date in the database

Waiting for updates in inbox..

There are updates in the inbox..
Fetching last 10 emails
SMS data already up to date in the database

Waiting for updates in inbox..

There are updates in the inbox..
Fetching last 10 emails
SMS data already up to date in the database

Waiting for updates in inbox..

There are updates in the inbox..
Fetching last 10 emails
SMS data already up to date in the database

Waiting for updates in inbox..

There are updates in the inbox..
Fetching last 10 emails
1 database rows updated successfully

Waiting for updates in inbox..

There are updates in the inbox..
Fetching last 10 emails
SMS data already up to date in the database

Waiting for updates in inbox..

There are updates in the inbox..
Fetching last 10 emails
SMS data already up to date in the database

Waiting for updates in inbox..

There are updates in the inbox..
Fetching last 10 emails
SMS data already up to date in the database

Waiting for updates in inbox..

There are updates in the inbox..
Fetching last 10 emails
SMS data already up to date in the database

Waiting for updates in inbox..

There are updates in the inbox..
Fetching last 10 emails
SMS data already up to date in the database

Waiting for updates in inbox..

There are updates in the inbox..
Fetching last 10 emails
SMS data already up to date in the database

Waiting for updates in inbox..

There are updates in the inbox..
Fetching last 10 emails
SMS data already up to date in the database

Waiting for updates in inbox..

There are updates in the inbox..
Fetching last 10 emails
SMS data already up to date in the database

Waiting for updates in inbox..

There are updates in the inbox..
Fetching last 10 emails
SMS data already up to date in the database

Waiting for updates in inbox..
------------------------------------------------------
12/04/_16:40:02
637

Credentials ready

Connection to database successful


Gmail watch stopped..

Started the watch successfully
Watch response: {'historyId': '4799689', 'expiration': '1618830606688'}

Listening for messages on projects/expensetracking-309512/subscriptions/firstSub..


There are updates in the inbox..
Fetching last 50 emails
SMS data already up to date in the database

Waiting for updates in inbox..

There are updates in the inbox..
Fetching last 10 emails
SMS data already up to date in the database

Waiting for updates in inbox..

There are updates in the inbox..
Fetching last 10 emails
SMS data already up to date in the database

Waiting for updates in inbox..
------------------------------------------------------
13/04/_11:21:38
601
------------------------------------------------------
13/04/_22:47:15
9556
------------------------------------------------------
13/04/_22:48:29
10339
Traceback (most recent call last):
  File "run.py", line 4, in <module>
    process_obj = EmailDataProcurement()
  File "/Users/sanjyotzade/Documents/ExpenseTracking/EmailDataProcurement.py", line 26, in __init__
    self.creds = self.generate_credential_token()
  File "/Users/sanjyotzade/Documents/ExpenseTracking/EmailDataProcurement.py", line 59, in generate_credential_token
    creds.refresh(Request())
  File "/Users/sanjyotzade/anaconda3/envs/expenseTracking/lib/python3.6/site-packages/google/oauth2/credentials.py", line 214, in refresh
    scopes,
  File "/Users/sanjyotzade/anaconda3/envs/expenseTracking/lib/python3.6/site-packages/google/oauth2/_client.py", line 248, in refresh_grant
    response_data = _token_endpoint_request(request, token_uri, body)
  File "/Users/sanjyotzade/anaconda3/envs/expenseTracking/lib/python3.6/site-packages/google/oauth2/_client.py", line 124, in _token_endpoint_request
    _handle_error_response(response_body)
  File "/Users/sanjyotzade/anaconda3/envs/expenseTracking/lib/python3.6/site-packages/google/oauth2/_client.py", line 60, in _handle_error_response
    raise exceptions.RefreshError(error_details, response_body)
google.auth.exceptions.RefreshError: ('invalid_grant: Token has been expired or revoked.', '{\n  "error": "invalid_grant",\n  "error_description": "Token has been expired or revoked."\n}')
------------------------------------------------------
13/04/_22:52:27
10701

Credentials ready

Connection to database successful


Gmail watch stopped..

Started the watch successfully
Watch response: {'historyId': '4804902', 'expiration': '1618939351094'}

Listening for messages on projects/expensetracking-309512/subscriptions/firstSub..


There are updates in the inbox..
Fetching last 50 emails
SMS data already up to date in the database

Waiting for updates in inbox..

There are updates in the inbox..
Fetching last 10 emails
SMS data already up to date in the database

Waiting for updates in inbox..

There are updates in the inbox..
Fetching last 10 emails
SMS data already up to date in the database

Waiting for updates in inbox..

There are updates in the inbox..
Fetching last 10 emails
SMS data already up to date in the database

Waiting for updates in inbox..
------------------------------------------------------
15/04/_22:33:34
744

Credentials ready

Connection to database successful


Gmail watch stopped..

Started the watch successfully
Watch response: {'historyId': '4811782', 'expiration': '1619111020596'}

Listening for messages on projects/expensetracking-309512/subscriptions/firstSub..


There are updates in the inbox..
Fetching last 50 emails
6 database rows updated successfully
Expense sheet updated with 1 entries

Waiting for updates in inbox..

There are updates in the inbox..
Fetching last 10 emails
SMS data already up to date in the database

Waiting for updates in inbox..

There are updates in the inbox..
Fetching last 10 emails
SMS data already up to date in the database

Waiting for updates in inbox..

There are updates in the inbox..
Fetching last 10 emails
2 database rows updated successfully
------------------------------------------------------
16/04/_02:59:09
5499

Credentials ready

Connection to database successful


Gmail watch stopped..

Started the watch successfully
Watch response: {'historyId': '4812738', 'expiration': '1619126952610'}

Listening for messages on projects/expensetracking-309512/subscriptions/firstSub..


There are updates in the inbox..
Fetching last 50 emails
SMS data already up to date in the database

Waiting for updates in inbox..
------------------------------------------------------
16/04/_21:39:49
633
------------------------------------------------------
16/04/_22:16:04
1166

Credentials ready

Connection to database successful


Gmail watch stopped..

Started the watch successfully
Watch response: {'historyId': '4816477', 'expiration': '1619196367636'}

Listening for messages on projects/expensetracking-309512/subscriptions/firstSub..


There are updates in the inbox..
Fetching last 50 emails
1 database rows updated successfully

Waiting for updates in inbox..
------------------------------------------------------
17/04/_13:14:07
850

Credentials ready

Connection to database successful


Gmail watch stopped..

Started the watch successfully
Watch response: {'historyId': '4818401', 'expiration': '1619250252064'}

Listening for messages on projects/expensetracking-309512/subscriptions/firstSub..


There are updates in the inbox..
Fetching last 50 emails
SMS data already up to date in the database

Waiting for updates in inbox..

There are updates in the inbox..
Fetching last 10 emails
1 database rows updated successfully
Expense sheet updated with 1 entries

Waiting for updates in inbox..

There are updates in the inbox..
Fetching last 10 emails
1 database rows updated successfully
Expense sheet updated with 1 entries

Waiting for updates in inbox..

There are updates in the inbox..
Fetching last 10 emails
SMS data already up to date in the database

Waiting for updates in inbox..

There are updates in the inbox..
Fetching last 10 emails
SMS data already up to date in the database

Waiting for updates in inbox..

There are updates in the inbox..
Fetching last 10 emails
SMS data already up to date in the database

Waiting for updates in inbox..

There are updates in the inbox..
Fetching last 10 emails
1 database rows updated successfully

Waiting for updates in inbox..

There are updates in the inbox..
Fetching last 10 emails
1 database rows updated successfully

Waiting for updates in inbox..

There are updates in the inbox..
Fetching last 10 emails
SMS data already up to date in the database

Waiting for updates in inbox..

There are updates in the inbox..
Fetching last 10 emails
SMS data already up to date in the database

Waiting for updates in inbox..

There are updates in the inbox..
Fetching last 10 emails
1 database rows updated successfully

Waiting for updates in inbox..

There are updates in the inbox..
Fetching last 10 emails
SMS data already up to date in the database

Waiting for updates in inbox..

There are updates in the inbox..
Fetching last 10 emails
SMS data already up to date in the database

Waiting for updates in inbox..

There are updates in the inbox..
Fetching last 10 emails
socket timeout
------------------------------------------------------
18/04/_14:56:26
962

Credentials ready

Connection to database successful


Gmail watch stopped..

Started the watch successfully
Watch response: {'historyId': '4822231', 'expiration': '1619342824798'}

Listening for messages on projects/expensetracking-309512/subscriptions/firstSub..


There are updates in the inbox..
Fetching last 50 emails
5 database rows updated successfully
Expense sheet updated with 2 entries

Waiting for updates in inbox..

There are updates in the inbox..
Fetching last 10 emails
SMS data already up to date in the database

Waiting for updates in inbox..

There are updates in the inbox..
Fetching last 10 emails
SMS data already up to date in the database

Waiting for updates in inbox..

There are updates in the inbox..
Fetching last 10 emails
SMS data already up to date in the database

Waiting for updates in inbox..

There are updates in the inbox..
Fetching last 10 emails
socket timeout
------------------------------------------------------
18/04/_20:18:28
2096

Credentials ready

Connection to database successful


Gmail watch stopped..

Started the watch successfully
Watch response: {'historyId': '4823404', 'expiration': '1619362117239'}

Listening for messages on projects/expensetracking-309512/subscriptions/firstSub..


There are updates in the inbox..
Fetching last 50 emails
SMS data already up to date in the database

Waiting for updates in inbox..

There are updates in the inbox..
Fetching last 10 emails
1 database rows updated successfully
Expense sheet updated with 1 entries

Waiting for updates in inbox..

There are updates in the inbox..
Fetching last 10 emails
1 database rows updated successfully

Waiting for updates in inbox..

There are updates in the inbox..
Fetching last 10 emails
2 database rows updated successfully
Expense sheet updated with 2 entries

Waiting for updates in inbox..

There are updates in the inbox..
Fetching last 10 emails
SMS data already up to date in the database

Waiting for updates in inbox..
------------------------------------------------------
19/04/_20:38:25
563

Credentials ready

Connection to database successful


Gmail watch stopped..

Started the watch successfully
Watch response: {'historyId': '4825633', 'expiration': '1619449711161'}

Listening for messages on projects/expensetracking-309512/subscriptions/firstSub..


There are updates in the inbox..
Fetching last 50 emails
6 database rows updated successfully
Expense sheet updated with 1 entries

Waiting for updates in inbox..

There are updates in the inbox..
Fetching last 10 emails
SMS data already up to date in the database

Waiting for updates in inbox..

There are updates in the inbox..
Fetching last 10 emails
SMS data already up to date in the database

Waiting for updates in inbox..

There are updates in the inbox..
Fetching last 10 emails
3 database rows updated successfully
------------------------------------------------------
20/04/_01:32:23
6338

Credentials ready

Connection to database successful


Gmail watch stopped..

Started the watch successfully
Watch response: {'historyId': '4826151', 'expiration': '1619467347105'}

Listening for messages on projects/expensetracking-309512/subscriptions/firstSub..


There are updates in the inbox..
Fetching last 50 emails
SMS data already up to date in the database

Waiting for updates in inbox..
------------------------------------------------------
20/04/_01:39:50
7061

Credentials ready

Connection to database successful


Gmail watch stopped..

Started the watch successfully
Watch response: {'historyId': '4826198', 'expiration': '1619467793892'}

Listening for messages on projects/expensetracking-309512/subscriptions/firstSub..


There are updates in the inbox..
Fetching last 50 emails
Waiting for 2 sec..
3 database rows updated successfully
Expense sheet updated with 3 entries

Waiting for updates in inbox..

There are updates in the inbox..
Fetching last 10 emails
Waiting for 2 sec..
SMS data already up to date in the database

Waiting for updates in inbox..

There are updates in the inbox..
Fetching last 10 emails
Waiting for 2 sec..
1 database rows updated successfully

Waiting for updates in inbox..

There are updates in the inbox..
Fetching last 10 emails
Waiting for 2 sec..
SMS data already up to date in the database

Waiting for updates in inbox..

There are updates in the inbox..
Fetching last 10 emails
Waiting for 2 sec..
SMS data already up to date in the database

Waiting for updates in inbox..

There are updates in the inbox..
Fetching last 10 emails
Waiting for 2 sec..
SMS data already up to date in the database

Waiting for updates in inbox..

There are updates in the inbox..
Fetching last 10 emails
Waiting for 2 sec..
2 database rows updated successfully

Waiting for updates in inbox..

There are updates in the inbox..
Fetching last 10 emails
Waiting for 2 sec..
SMS data already up to date in the database

Waiting for updates in inbox..

There are updates in the inbox..
Fetching last 10 emails
------------------------------------------------------
20/04/_23:29:28
13647
------------------------------------------------------
20/04/_23:34:00
14272

Credentials ready

Connection to database successful


Gmail watch stopped..

Started the watch successfully
Watch response: {'historyId': '4829796', 'expiration': '1619546643075'}

Listening for messages on projects/expensetracking-309512/subscriptions/firstSub..


There are updates in the inbox..
Fetching last 50 emails
Waiting for 2 sec..
SMS data already up to date in the database

Waiting for updates in inbox..

There are updates in the inbox..
Fetching last 10 emails
Waiting for 2 sec..
SMS data already up to date in the database

Waiting for updates in inbox..

There are updates in the inbox..
Fetching last 10 emails
------------------------------------------------------
21/04/_18:16:30
15399
------------------------------------------------------
21/04/_18:18:45
16049

Credentials ready

Connection to database successful


Gmail watch stopped..

Started the watch successfully
Watch response: {'historyId': '4833285', 'expiration': '1619614143919'}

Listening for messages on projects/expensetracking-309512/subscriptions/firstSub..


There are updates in the inbox..
Fetching last 50 emails
Waiting for 2 sec..
2 database rows updated successfully

Waiting for updates in inbox..
------------------------------------------------------
21/04/_18:26:23
628

Credentials ready

Connection to database successful


Gmail watch stopped..

Started the watch successfully
Watch response: {'historyId': '4833327', 'expiration': '1619614588876'}

Listening for messages on projects/expensetracking-309512/subscriptions/firstSub..


There are updates in the inbox..
Fetching last 50 emails
Waiting for 2 sec..
SMS data already up to date in the database

Waiting for updates in inbox..

There are updates in the inbox..
Fetching last 10 emails
Waiting for 2 sec..
SMS data already up to date in the database

Waiting for updates in inbox..

There are updates in the inbox..
Fetching last 10 emails
Waiting for 2 sec..
SMS data already up to date in the database

Waiting for updates in inbox..

There are updates in the inbox..
Fetching last 10 emails
Waiting for 2 sec..
1 database rows updated successfully

Waiting for updates in inbox..

There are updates in the inbox..
Fetching last 10 emails
Waiting for 2 sec..
SMS data already up to date in the database

Waiting for updates in inbox..

There are updates in the inbox..
Fetching last 10 emails
Waiting for 2 sec..
SMS data already up to date in the database

Waiting for updates in inbox..

There are updates in the inbox..
Fetching last 10 emails
Waiting for 2 sec..
SMS data already up to date in the database

Waiting for updates in inbox..

There are updates in the inbox..
Fetching last 10 emails
Waiting for 2 sec..
SMS data already up to date in the database

Waiting for updates in inbox..

There are updates in the inbox..
Fetching last 10 emails
Waiting for 2 sec..
SMS data already up to date in the database

Waiting for updates in inbox..
------------------------------------------------------
23/04/_21:32:30
612

Credentials ready

Connection to database successful


Gmail watch stopped..

Started the watch successfully
Watch response: {'historyId': '4841675', 'expiration': '1619798556849'}

Listening for messages on projects/expensetracking-309512/subscriptions/firstSub..


There are updates in the inbox..
Fetching last 50 emails
Waiting for 2 sec..
14 database rows updated successfully
Expense sheet updated with 1 entries

Waiting for updates in inbox..

There are updates in the inbox..
Fetching last 10 emails
Waiting for 2 sec..
SMS data already up to date in the database

Waiting for updates in inbox..

There are updates in the inbox..
Fetching last 10 emails
Waiting for 2 sec..
SMS data already up to date in the database

Waiting for updates in inbox..

There are updates in the inbox..
Fetching last 10 emails
Waiting for 2 sec..
SMS data already up to date in the database

Waiting for updates in inbox..
------------------------------------------------------
26/04/_13:37:25
619

Credentials ready

Connection to database successful


Gmail watch stopped..

Started the watch successfully
Watch response: {'historyId': '4849071', 'expiration': '1620029251298'}

Listening for messages on projects/expensetracking-309512/subscriptions/firstSub..


There are updates in the inbox..
Fetching last 50 emails
Waiting for 2 sec..
10 database rows updated successfully
Expense sheet updated with 2 entries

Waiting for updates in inbox..

There are updates in the inbox..
Fetching last 10 emails
Waiting for 2 sec..
SMS data already up to date in the database

Waiting for updates in inbox..

There are updates in the inbox..
Fetching last 10 emails
Waiting for 2 sec..
SMS data already up to date in the database

Waiting for updates in inbox..

There are updates in the inbox..
Fetching last 10 emails
Waiting for 2 sec..
1 database rows updated successfully

Waiting for updates in inbox..

There are updates in the inbox..
Fetching last 10 emails
Waiting for 2 sec..
SMS data already up to date in the database

Waiting for updates in inbox..

There are updates in the inbox..
Fetching last 10 emails
Waiting for 2 sec..
1 database rows updated successfully

Waiting for updates in inbox..

There are updates in the inbox..
Fetching last 10 emails
Waiting for 2 sec..
SMS data already up to date in the database

Waiting for updates in inbox..

There are updates in the inbox..
Fetching last 10 emails
Waiting for 2 sec..
SMS data already up to date in the database

Waiting for updates in inbox..

There are updates in the inbox..
Fetching last 10 emails
Waiting for 2 sec..
SMS data already up to date in the database

Waiting for updates in inbox..

There are updates in the inbox..
Fetching last 10 emails
Waiting for 2 sec..
1 database rows updated successfully

Waiting for updates in inbox..

There are updates in the inbox..
Fetching last 10 emails
Waiting for 2 sec..
1 database rows updated successfully

Waiting for updates in inbox..

There are updates in the inbox..
Fetching last 10 emails
socket timeout
------------------------------------------------------
26/04/_16:47:33
3323

Credentials ready

Connection to database successful


Gmail watch stopped..

Started the watch successfully
Watch response: {'historyId': '4849956', 'expiration': '1620040657456'}

Listening for messages on projects/expensetracking-309512/subscriptions/firstSub..


There are updates in the inbox..
Fetching last 50 emails
Waiting for 2 sec..
1 database rows updated successfully
Expense sheet updated with 1 entries

Waiting for updates in inbox..

There are updates in the inbox..
Fetching last 10 emails
Waiting for 2 sec..
SMS data already up to date in the database

Waiting for updates in inbox..

There are updates in the inbox..
Fetching last 10 emails
------------------------------------------------------
26/04/_17:04:54
829

Credentials ready

Connection to database successful


Gmail watch stopped..

Started the watch successfully
Watch response: {'historyId': '4850104', 'expiration': '1620041698285'}

Listening for messages on projects/expensetracking-309512/subscriptions/firstSub..


There are updates in the inbox..
Fetching last 50 emails
Waiting for 2 sec..
SMS data already up to date in the database

Waiting for updates in inbox..

There are updates in the inbox..
Fetching last 10 emails
Waiting for 2 sec..
SMS data already up to date in the database

Waiting for updates in inbox..

There are updates in the inbox..
Fetching last 10 emails
Waiting for 2 sec..
SMS data already up to date in the database

Waiting for updates in inbox..

There are updates in the inbox..
Fetching last 10 emails
Waiting for 2 sec..
1 database rows updated successfully

Waiting for updates in inbox..

There are updates in the inbox..
Fetching last 10 emails
Waiting for 2 sec..
SMS data already up to date in the database

Waiting for updates in inbox..

There are updates in the inbox..
Fetching last 10 emails
Waiting for 2 sec..
SMS data already up to date in the database

Waiting for updates in inbox..

There are updates in the inbox..
Fetching last 10 emails
Waiting for 2 sec..
SMS data already up to date in the database

Waiting for updates in inbox..

There are updates in the inbox..
Fetching last 10 emails
Waiting for 2 sec..
SMS data already up to date in the database

Waiting for updates in inbox..

There are updates in the inbox..
Fetching last 10 emails
Waiting for 2 sec..
SMS data already up to date in the database

Waiting for updates in inbox..

There are updates in the inbox..
Fetching last 10 emails
------------------------------------------------------
28/04/_00:48:54
9817
------------------------------------------------------
28/04/_00:50:24
10244

Credentials ready

Connection to database successful


Gmail watch stopped..

Started the watch successfully
Watch response: {'historyId': '4854257', 'expiration': '1620156028188'}

Listening for messages on projects/expensetracking-309512/subscriptions/firstSub..


There are updates in the inbox..
Fetching last 50 emails
Waiting for 2 sec..
SMS data already up to date in the database

Waiting for updates in inbox..

There are updates in the inbox..
Fetching last 10 emails
Waiting for 2 sec..
SMS data already up to date in the database

Waiting for updates in inbox..

There are updates in the inbox..
Fetching last 10 emails
Waiting for 2 sec..
SMS data already up to date in the database

Waiting for updates in inbox..

There are updates in the inbox..
Fetching last 10 emails
Waiting for 2 sec..
SMS data already up to date in the database

Waiting for updates in inbox..
------------------------------------------------------
28/04/_19:07:22
607

Credentials ready

Connection to database successful


Gmail watch stopped..

Started the watch successfully
Watch response: {'historyId': '4858049', 'expiration': '1620221846689'}

Listening for messages on projects/expensetracking-309512/subscriptions/firstSub..


There are updates in the inbox..
Fetching last 50 emails
Waiting for 2 sec..
10 database rows updated successfully
Expense sheet updated with 1 entries

Waiting for updates in inbox..

There are updates in the inbox..
Fetching last 10 emails
Waiting for 2 sec..
SMS data already up to date in the database

Waiting for updates in inbox..

There are updates in the inbox..
Fetching last 10 emails
Waiting for 2 sec..
1 database rows updated successfully

Waiting for updates in inbox..

There are updates in the inbox..
Fetching last 10 emails
Waiting for 2 sec..
SMS data already up to date in the database

Waiting for updates in inbox..

There are updates in the inbox..
Fetching last 10 emails
Waiting for 2 sec..
SMS data already up to date in the database

Waiting for updates in inbox..

There are updates in the inbox..
Fetching last 10 emails
Waiting for 2 sec..
SMS data already up to date in the database

Waiting for updates in inbox..

There are updates in the inbox..
Fetching last 10 emails
Waiting for 2 sec..
SMS data already up to date in the database

Waiting for updates in inbox..

There are updates in the inbox..
Fetching last 10 emails
Waiting for 2 sec..
SMS data already up to date in the database

Waiting for updates in inbox..

There are updates in the inbox..
Fetching last 10 emails
Waiting for 2 sec..
SMS data already up to date in the database

Waiting for updates in inbox..

There are updates in the inbox..
Fetching last 10 emails
Waiting for 2 sec..
SMS data already up to date in the database

Waiting for updates in inbox..

There are updates in the inbox..
Fetching last 10 emails
Waiting for 2 sec..
SMS data already up to date in the database

Waiting for updates in inbox..
------------------------------------------------------
28/04/_23:54:55
788

Credentials ready

Connection to database successful


Gmail watch stopped..

Started the watch successfully
Watch response: {'historyId': '4858809', 'expiration': '1620239104499'}

Listening for messages on projects/expensetracking-309512/subscriptions/firstSub..


There are updates in the inbox..
Fetching last 50 emails
Waiting for 2 sec..
SMS data already up to date in the database

Waiting for updates in inbox..

There are updates in the inbox..
Fetching last 10 emails
Waiting for 2 sec..
SMS data already up to date in the database

Waiting for updates in inbox..

There are updates in the inbox..
Fetching last 10 emails
Waiting for 2 sec..
SMS data already up to date in the database

Waiting for updates in inbox..

There are updates in the inbox..
Fetching last 10 emails
Waiting for 2 sec..
SMS data already up to date in the database

Waiting for updates in inbox..

There are updates in the inbox..
Fetching last 10 emails
Waiting for 2 sec..
SMS data already up to date in the database

Waiting for updates in inbox..

There are updates in the inbox..
Fetching last 10 emails
Waiting for 2 sec..
2 database rows updated successfully
Expense sheet updated with 1 entries

Waiting for updates in inbox..

There are updates in the inbox..
Fetching last 10 emails
Waiting for 2 sec..
SMS data already up to date in the database

Waiting for updates in inbox..

There are updates in the inbox..
Fetching last 10 emails
Waiting for 2 sec..
SMS data already up to date in the database

Waiting for updates in inbox..

There are updates in the inbox..
Fetching last 10 emails
Waiting for 2 sec..
SMS data already up to date in the database

Waiting for updates in inbox..

There are updates in the inbox..
Fetching last 10 emails
Waiting for 2 sec..
SMS data already up to date in the database

Waiting for updates in inbox..

There are updates in the inbox..
Fetching last 10 emails
Waiting for 2 sec..
SMS data already up to date in the database

Waiting for updates in inbox..

There are updates in the inbox..
Fetching last 10 emails
Waiting for 2 sec..
SMS data already up to date in the database

Waiting for updates in inbox..

There are updates in the inbox..
Fetching last 10 emails
Waiting for 2 sec..
SMS data already up to date in the database

Waiting for updates in inbox..

There are updates in the inbox..
Fetching last 10 emails
Waiting for 2 sec..
SMS data already up to date in the database

Waiting for updates in inbox..
------------------------------------------------------
01/05/_20:51:37
1399

Credentials ready

Connection to database successful

------------------------------------------------------
01/05/_22:23:06
3419

Credentials ready

Connection to database successful


Gmail watch stopped..

Started the watch successfully
Watch response: {'historyId': '4869248', 'expiration': '1620492790771'}

Listening for messages on projects/expensetracking-309512/subscriptions/firstSub..


There are updates in the inbox..
Fetching last 50 emails
Waiting for 2 sec..
8 database rows updated successfully
Expense sheet updated with 1 entries

Waiting for updates in inbox..

There are updates in the inbox..
Fetching last 10 emails
Waiting for 2 sec..
SMS data already up to date in the database

Waiting for updates in inbox..

There are updates in the inbox..
Fetching last 10 emails
Waiting for 2 sec..
SMS data already up to date in the database

Waiting for updates in inbox..

There are updates in the inbox..
Fetching last 10 emails
------------------------------------------------------
02/05/_14:32:11
11940

Credentials ready

Connection to database successful


Gmail watch stopped..

Started the watch successfully
Watch response: {'historyId': '4870707', 'expiration': '1620550935848'}

Listening for messages on projects/expensetracking-309512/subscriptions/firstSub..


There are updates in the inbox..
Fetching last 50 emails
Waiting for 2 sec..
4 database rows updated successfully

Waiting for updates in inbox..

There are updates in the inbox..
Fetching last 10 emails
Waiting for 2 sec..
3 database rows updated successfully
Expense sheet updated with 2 entries

Waiting for updates in inbox..

There are updates in the inbox..
Fetching last 10 emails
Waiting for 2 sec..
2 database rows updated successfully
Expense sheet updated with 2 entries

Waiting for updates in inbox..

There are updates in the inbox..
Fetching last 10 emails
Waiting for 2 sec..
1 database rows updated successfully
Expense sheet updated with 1 entries

Waiting for updates in inbox..

There are updates in the inbox..
Fetching last 10 emails
Waiting for 2 sec..
SMS data already up to date in the database

Waiting for updates in inbox..

There are updates in the inbox..
Fetching last 10 emails
Waiting for 2 sec..
1 database rows updated successfully
Expense sheet updated with 1 entries

Waiting for updates in inbox..

There are updates in the inbox..
Fetching last 10 emails
Waiting for 2 sec..
1 database rows updated successfully
Expense sheet updated with 1 entries

Waiting for updates in inbox..

There are updates in the inbox..
Fetching last 10 emails
Waiting for 2 sec..
1 database rows updated successfully
Expense sheet updated with 1 entries

Waiting for updates in inbox..

There are updates in the inbox..
Fetching last 10 emails
Waiting for 2 sec..
SMS data already up to date in the database

Waiting for updates in inbox..

There are updates in the inbox..
Fetching last 10 emails
Waiting for 2 sec..
1 database rows updated successfully
Expense sheet updated with 1 entries

Waiting for updates in inbox..

There are updates in the inbox..
Fetching last 10 emails
Waiting for 2 sec..
1 database rows updated successfully
Expense sheet updated with 1 entries

Waiting for updates in inbox..

There are updates in the inbox..
Fetching last 10 emails
Waiting for 2 sec..
SMS data already up to date in the database

Waiting for updates in inbox..

There are updates in the inbox..
Fetching last 10 emails
Waiting for 2 sec..
SMS data already up to date in the database

Waiting for updates in inbox..

There are updates in the inbox..
Fetching last 10 emails
Waiting for 2 sec..
SMS data already up to date in the database

Waiting for updates in inbox..

There are updates in the inbox..
Fetching last 10 emails
Waiting for 2 sec..
1 database rows updated successfully
Expense sheet updated with 1 entries

Waiting for updates in inbox..

There are updates in the inbox..
Fetching last 10 emails
Waiting for 2 sec..
1 database rows updated successfully
Expense sheet updated with 1 entries

Waiting for updates in inbox..

There are updates in the inbox..
Fetching last 10 emails
Waiting for 2 sec..
SMS data already up to date in the database

Waiting for updates in inbox..

There are updates in the inbox..
Fetching last 10 emails
Waiting for 2 sec..
SMS data already up to date in the database

Waiting for updates in inbox..

There are updates in the inbox..
Fetching last 10 emails
Waiting for 2 sec..
SMS data already up to date in the database

Waiting for updates in inbox..

There are updates in the inbox..
Fetching last 10 emails
Waiting for 2 sec..
SMS data already up to date in the database

Waiting for updates in inbox..

There are updates in the inbox..
Fetching last 10 emails
Waiting for 2 sec..
SMS data already up to date in the database

Waiting for updates in inbox..

There are updates in the inbox..
Fetching last 10 emails
Waiting for 2 sec..
SMS data already up to date in the database

Waiting for updates in inbox..

There are updates in the inbox..
Fetching last 10 emails
Waiting for 2 sec..
1 database rows updated successfully

Waiting for updates in inbox..

There are updates in the inbox..
Fetching last 10 emails
Waiting for 2 sec..
SMS data already up to date in the database

Waiting for updates in inbox..

There are updates in the inbox..
Fetching last 10 emails
Waiting for 2 sec..
SMS data already up to date in the database

Waiting for updates in inbox..

There are updates in the inbox..
Fetching last 10 emails
Waiting for 2 sec..
SMS data already up to date in the database

Waiting for updates in inbox..

There are updates in the inbox..
Fetching last 10 emails
Waiting for 2 sec..
SMS data already up to date in the database

Waiting for updates in inbox..

There are updates in the inbox..
Fetching last 10 emails
Waiting for 2 sec..
SMS data already up to date in the database

Waiting for updates in inbox..

There are updates in the inbox..
Fetching last 10 emails
Waiting for 2 sec..
SMS data already up to date in the database

Waiting for updates in inbox..

There are updates in the inbox..
Fetching last 10 emails
Waiting for 2 sec..
SMS data already up to date in the database

Waiting for updates in inbox..

There are updates in the inbox..
Fetching last 10 emails
Waiting for 2 sec..
SMS data already up to date in the database

Waiting for updates in inbox..

There are updates in the inbox..
Fetching last 10 emails
------------------------------------------------------
03/05/_21:30:44
23701

Credentials ready

Connection to database successful

------------------------------------------------------
03/05/_21:33:41
24115

Credentials ready

Connection to database successful


Gmail watch stopped..

Started the watch successfully
Watch response: {'historyId': '4876745', 'expiration': '1620662624279'}

Listening for messages on projects/expensetracking-309512/subscriptions/firstSub..


There are updates in the inbox..
Fetching last 50 emails
Waiting for 2 sec..
SMS data already up to date in the database

Waiting for updates in inbox..

There are updates in the inbox..
Fetching last 10 emails
Waiting for 2 sec..
SMS data already up to date in the database

Waiting for updates in inbox..

There are updates in the inbox..
Fetching last 10 emails
Waiting for 2 sec..
SMS data already up to date in the database

Waiting for updates in inbox..
------------------------------------------------------
04/05/_17:36:44
596

Credentials ready

Connection to database successful


Gmail watch stopped..

Started the watch successfully
Watch response: {'historyId': '4881211', 'expiration': '1620734810293'}

Listening for messages on projects/expensetracking-309512/subscriptions/firstSub..


There are updates in the inbox..
Fetching last 50 emails
Waiting for 2 sec..
8 database rows updated successfully
Expense sheet updated with 3 entries

Waiting for updates in inbox..

There are updates in the inbox..
Fetching last 10 emails
Waiting for 2 sec..
1 database rows updated successfully

Waiting for updates in inbox..

There are updates in the inbox..
Fetching last 10 emails
Waiting for 2 sec..
SMS data already up to date in the database

Waiting for updates in inbox..

There are updates in the inbox..
Fetching last 10 emails
Waiting for 2 sec..
SMS data already up to date in the database

Waiting for updates in inbox..

There are updates in the inbox..
Fetching last 10 emails
Waiting for 2 sec..
SMS data already up to date in the database

Waiting for updates in inbox..

There are updates in the inbox..
Fetching last 10 emails
Waiting for 2 sec..
SMS data already up to date in the database

Waiting for updates in inbox..
------------------------------------------------------
07/05/_20:07:37
1208
------------------------------------------------------
08/05/_15:39:12
1828
------------------------------------------------------
11/05/_01:00:04
22663

Credentials ready

Connection to database successful


Gmail watch stopped..

Started the watch successfully
Watch response: {'historyId': '4903669', 'expiration': '1621279807530'}

Listening for messages on projects/expensetracking-309512/subscriptions/firstSub..


There are updates in the inbox..
Fetching last 50 emails
Waiting for 2 sec..
SMS data already up to date in the database

Waiting for updates in inbox..
------------------------------------------------------
13/05/_11:11:16
581

Credentials ready

Connection to database successful


Gmail watch stopped..

Started the watch successfully
Watch response: {'historyId': '4910596', 'expiration': '1621489282677'}

Listening for messages on projects/expensetracking-309512/subscriptions/firstSub..


There are updates in the inbox..
Fetching last 50 emails
Waiting for 2 sec..
5 database rows updated successfully

Waiting for updates in inbox..

There are updates in the inbox..
Fetching last 10 emails
Waiting for 2 sec..
SMS data already up to date in the database

Waiting for updates in inbox..

There are updates in the inbox..
Fetching last 10 emails
Waiting for 2 sec..
1 database rows updated successfully
Expense sheet updated with 1 entries

Waiting for updates in inbox..

There are updates in the inbox..
Fetching last 10 emails
Waiting for 2 sec..
1 database rows updated successfully
Expense sheet updated with 1 entries

Waiting for updates in inbox..

There are updates in the inbox..
Fetching last 10 emails
Waiting for 2 sec..
1 database rows updated successfully

Waiting for updates in inbox..

There are updates in the inbox..
Fetching last 10 emails
Waiting for 2 sec..
1 database rows updated successfully
Expense sheet updated with 1 entries

Waiting for updates in inbox..

There are updates in the inbox..
Fetching last 10 emails
Waiting for 2 sec..
1 database rows updated successfully
Expense sheet updated with 1 entries

Waiting for updates in inbox..

There are updates in the inbox..
Fetching last 10 emails
Waiting for 2 sec..
SMS data already up to date in the database

Waiting for updates in inbox..

There are updates in the inbox..
Fetching last 10 emails
Waiting for 2 sec..
SMS data already up to date in the database

Waiting for updates in inbox..

There are updates in the inbox..
Fetching last 10 emails
Waiting for 2 sec..
SMS data already up to date in the database

Waiting for updates in inbox..

There are updates in the inbox..
Fetching last 10 emails
Waiting for 2 sec..
1 database rows updated successfully

Waiting for updates in inbox..

There are updates in the inbox..
Fetching last 10 emails
Waiting for 2 sec..
SMS data already up to date in the database

Waiting for updates in inbox..

There are updates in the inbox..
Fetching last 10 emails
Waiting for 2 sec..
SMS data already up to date in the database

Waiting for updates in inbox..

There are updates in the inbox..
Fetching last 10 emails
Waiting for 2 sec..
1 database rows updated successfully

Waiting for updates in inbox..

There are updates in the inbox..
Fetching last 10 emails
Waiting for 2 sec..
SMS data already up to date in the database

Waiting for updates in inbox..

There are updates in the inbox..
Fetching last 10 emails
Waiting for 2 sec..
SMS data already up to date in the database

Waiting for updates in inbox..

There are updates in the inbox..
Fetching last 10 emails
Waiting for 2 sec..
1 database rows updated successfully

Waiting for updates in inbox..

There are updates in the inbox..
Fetching last 10 emails
Waiting for 2 sec..
1 database rows updated successfully

Waiting for updates in inbox..

There are updates in the inbox..
Fetching last 10 emails
Waiting for 2 sec..
1 database rows updated successfully

Waiting for updates in inbox..

There are updates in the inbox..
Fetching last 10 emails
Waiting for 2 sec..
SMS data already up to date in the database

Waiting for updates in inbox..

There are updates in the inbox..
Fetching last 10 emails
Waiting for 2 sec..
2 database rows updated successfully

Waiting for updates in inbox..

There are updates in the inbox..
Fetching last 10 emails
Waiting for 2 sec..
2 database rows updated successfully

Waiting for updates in inbox..

There are updates in the inbox..
Fetching last 10 emails
Waiting for 2 sec..
3 database rows updated successfully
Expense sheet updated with 1 entries

Waiting for updates in inbox..

There are updates in the inbox..
Fetching last 10 emails
Waiting for 2 sec..
SMS data already up to date in the database

Waiting for updates in inbox..

There are updates in the inbox..
Fetching last 10 emails
Waiting for 2 sec..
SMS data already up to date in the database

Waiting for updates in inbox..

There are updates in the inbox..
Fetching last 10 emails
Waiting for 2 sec..
SMS data already up to date in the database

Waiting for updates in inbox..

There are updates in the inbox..
Fetching last 10 emails
Waiting for 2 sec..
SMS data already up to date in the database

Waiting for updates in inbox..

There are updates in the inbox..
Fetching last 10 emails
Waiting for 2 sec..
SMS data already up to date in the database

Waiting for updates in inbox..

There are updates in the inbox..
Fetching last 10 emails
Waiting for 2 sec..
SMS data already up to date in the database

Waiting for updates in inbox..

There are updates in the inbox..
Fetching last 10 emails
Waiting for 2 sec..
SMS data already up to date in the database

Waiting for updates in inbox..

There are updates in the inbox..
Fetching last 10 emails
Waiting for 2 sec..
SMS data already up to date in the database

Waiting for updates in inbox..
------------------------------------------------------
17/05/_17:40:45
20674

Gmail watch stopped..

Started the watch successfully
Watch response: {'historyId': '8805', 'expiration': '1621858250669'}

Listening for messages on projects/expensetra/subscriptions/expenseTopic-sub..


There are updates in the inbox..
Fetching last 50 emails
SMS data already up to date in the database

Waiting for updates in inbox..

There are updates in the inbox..
Fetching last 10 emails
------------------------------------------------------
17/05/_17:42:37
20815
1 data rows updated successfully

Waiting for updates in inbox..

Gmail watch stopped..

There are updates in the inbox..
Fetching last 10 emails

Started the watch successfully
Watch response: {'historyId': '8882', 'expiration': '1621858362894'}

Listening for messages on projects/expensetra/subscriptions/expenseTopic-sub..

SMS data already up to date in the database

Waiting for updates in inbox..
------------------------------------------------------
17/05/_17:44:39
20997

Gmail watch stopped..

Started the watch successfully
Watch response: {'historyId': '8927', 'expiration': '1621858484684'}

Listening for messages on projects/expensetra/subscriptions/expenseTopic-sub..


There are updates in the inbox..
Fetching last 50 emails
SMS data already up to date in the database

Waiting for updates in inbox..
------------------------------------------------------
17/05/_17:47:52
21202

Gmail watch stopped..

There are updates in the inbox..
Fetching last 10 emails

Started the watch successfully
Watch response: {'historyId': '8975', 'expiration': '1621858677538'}

Listening for messages on projects/expensetra/subscriptions/expenseTopic-sub..

SMS data already up to date in the database

Waiting for updates in inbox..
